Connecting to database specified by database.yml
Connecting to database specified by database.yml


Started GET "/assets/rails.png" for 127.0.0.1 at 2013-05-22 21:56:08 +0200
Served asset /rails.png - 200 OK (63ms)


Started GET "/assets/rails.png" for 127.0.0.1 at 2013-05-22 22:03:55 +0200

SyntaxError (c:/proyectos/taxife/web/config/routes.rb:3: syntax error, unexpected ':', expecting keyword_end
  match '/home'     :to => "pages#home"
                     ^):
  activesupport (3.2.13) lib/active_support/dependencies.rb:245:in `load'
  activesupport (3.2.13) lib/active_support/dependencies.rb:245:in `block in load'
  activesupport (3.2.13) lib/active_support/dependencies.rb:236:in `load_dependency'
  activesupport (3.2.13) lib/active_support/dependencies.rb:245:in `load'
  railties (3.2.13) lib/rails/application/routes_reloader.rb:40:in `block in load_paths'
  railties (3.2.13) lib/rails/application/routes_reloader.rb:40:in `each'
  railties (3.2.13) lib/rails/application/routes_reloader.rb:40:in `load_paths'
  railties (3.2.13) lib/rails/application/routes_reloader.rb:16:in `reload!'
  railties (3.2.13) lib/rails/application/routes_reloader.rb:26:in `block in updater'
  activesupport (3.2.13) lib/active_support/file_update_checker.rb:78:in `call'
  activesupport (3.2.13) lib/active_support/file_update_checker.rb:78:in `execute'
  activesupport (3.2.13) lib/active_support/file_update_checker.rb:86:in `execute_if_updated'
  c:in `execute_if_updated'
  railties (3.2.13) lib/rails/application/finisher.rb:68:in `block (2 levels) in <module:Finisher>'
  activesupport (3.2.13) lib/active_support/callbacks.rb:451:in `_run__480522458__prepare__354138983__callbacks'
  activesupport (3.2.13) lib/active_support/callbacks.rb:405:in `__run_callback'
  activesupport (3.2.13) lib/active_support/callbacks.rb:385:in `_run_prepare_callbacks'
  activesupport (3.2.13) lib/active_support/callbacks.rb:81:in `run_callbacks'
  actionpack (3.2.13) lib/action_dispatch/middleware/reloader.rb:74:in `prepare!'
  actionpack (3.2.13) lib/action_dispatch/middleware/reloader.rb:64:in `call'
  actionpack (3.2.13) lib/action_dispatch/middleware/remote_ip.rb:31:in `call'
  actionpack (3.2.13) lib/action_dispatch/middleware/debug_exceptions.rb:16:in `call'
  actionpack (3.2.13) lib/action_dispatch/middleware/show_exceptions.rb:56:in `call'
  railties (3.2.13) lib/rails/rack/logger.rb:32:in `call_app'
  railties (3.2.13) lib/rails/rack/logger.rb:16:in `block in call'
  activesupport (3.2.13) lib/active_support/tagged_logging.rb:22:in `tagged'
  railties (3.2.13) lib/rails/rack/logger.rb:16:in `call'
  actionpack (3.2.13) lib/action_dispatch/middleware/request_id.rb:22:in `call'
  rack (1.4.5) lib/rack/methodoverride.rb:21:in `call'
  rack (1.4.5) lib/rack/runtime.rb:17:in `call'
  activesupport (3.2.13) lib/active_support/cache/strategy/local_cache.rb:72:in `call'
  rack (1.4.5) lib/rack/lock.rb:15:in `call'
  actionpack (3.2.13) lib/action_dispatch/middleware/static.rb:63:in `call'
  railties (3.2.13) lib/rails/engine.rb:479:in `call'
  railties (3.2.13) lib/rails/application.rb:223:in `call'
  rack (1.4.5) lib/rack/content_length.rb:14:in `call'
  railties (3.2.13) lib/rails/rack/log_tailer.rb:17:in `call'
  rack (1.4.5) lib/rack/handler/webrick.rb:59:in `service'
  c:/Ruby193/lib/ruby/1.9.1/webrick/httpserver.rb:138:in `service'
  c:/Ruby193/lib/ruby/1.9.1/webrick/httpserver.rb:94:in `run'
  c:/Ruby193/lib/ruby/1.9.1/webrick/server.rb:191:in `block in start_thread'


  Rendered c:/Ruby193/lib/ruby/gems/1.9.1/gems/actionpack-3.2.13/lib/action_dispatch/middleware/templates/rescues/_trace.erb (3.0ms)
  Rendered c:/Ruby193/lib/ruby/gems/1.9.1/gems/actionpack-3.2.13/lib/action_dispatch/middleware/templates/rescues/_request_and_response.erb (10.0ms)
  Rendered c:/Ruby193/lib/ruby/gems/1.9.1/gems/actionpack-3.2.13/lib/action_dispatch/middleware/templates/rescues/diagnostics.erb within rescues/layout (60.0ms)


Started GET "/home" for 127.0.0.1 at 2013-05-22 22:03:59 +0200

ActionController::RoutingError (No route matches [GET] "/home"):
  actionpack (3.2.13) lib/action_dispatch/middleware/debug_exceptions.rb:21:in `call'
  actionpack (3.2.13) lib/action_dispatch/middleware/show_exceptions.rb:56:in `call'
  railties (3.2.13) lib/rails/rack/logger.rb:32:in `call_app'
  railties (3.2.13) lib/rails/rack/logger.rb:16:in `block in call'
  activesupport (3.2.13) lib/active_support/tagged_logging.rb:22:in `tagged'
  railties (3.2.13) lib/rails/rack/logger.rb:16:in `call'
  actionpack (3.2.13) lib/action_dispatch/middleware/request_id.rb:22:in `call'
  rack (1.4.5) lib/rack/methodoverride.rb:21:in `call'
  rack (1.4.5) lib/rack/runtime.rb:17:in `call'
  activesupport (3.2.13) lib/active_support/cache/strategy/local_cache.rb:72:in `call'
  rack (1.4.5) lib/rack/lock.rb:15:in `call'
  actionpack (3.2.13) lib/action_dispatch/middleware/static.rb:63:in `call'
  railties (3.2.13) lib/rails/engine.rb:479:in `call'
  railties (3.2.13) lib/rails/application.rb:223:in `call'
  rack (1.4.5) lib/rack/content_length.rb:14:in `call'
  railties (3.2.13) lib/rails/rack/log_tailer.rb:17:in `call'
  rack (1.4.5) lib/rack/handler/webrick.rb:59:in `service'
  c:/Ruby193/lib/ruby/1.9.1/webrick/httpserver.rb:138:in `service'
  c:/Ruby193/lib/ruby/1.9.1/webrick/httpserver.rb:94:in `run'
  c:/Ruby193/lib/ruby/1.9.1/webrick/server.rb:191:in `block in start_thread'


  Rendered c:/Ruby193/lib/ruby/gems/1.9.1/gems/actionpack-3.2.13/lib/action_dispatch/middleware/templates/rescues/routing_error.erb within rescues/layout (2.0ms)
Connecting to database specified by database.yml
Connecting to database specified by database.yml


Started GET "/home" for 127.0.0.1 at 2013-05-22 22:09:20 +0200
Processing by PagesController#home as HTML
  Rendered pages/home.html.erb within layouts/application (9.0ms)
Compiled application.css  (3ms)  (pid 4132)
Compiled jquery.js  (7ms)  (pid 4132)
Compiled jquery_ujs.js  (0ms)  (pid 4132)
Compiled application.js  (188ms)  (pid 4132)
Completed 200 OK in 537ms (Views: 536.0ms | ActiveRecord: 0.0ms)


Started GET "/assets/jquery.js?body=1" for 127.0.0.1 at 2013-05-22 22:09:20 +0200
Served asset /jquery.js - 200 OK (9ms)


Started GET "/assets/application.js?body=1" for 127.0.0.1 at 2013-05-22 22:09:21 +0200
Served asset /application.js - 200 OK (16ms)


Started GET "/assets/jquery_ujs.js?body=1" for 127.0.0.1 at 2013-05-22 22:09:21 +0200
Served asset /jquery_ujs.js - 200 OK (6ms)


Started GET "/assets/application.css?body=1" for 127.0.0.1 at 2013-05-22 22:09:21 +0200
Served asset /application.css - 200 OK (5ms)
Connecting to database specified by database.yml


Started GET "/assets/rails.png" for 127.0.0.1 at 2013-05-23 07:53:16 +0200
Served asset /rails.png - 200 OK (5ms)


Started GET "/home/" for 127.0.0.1 at 2013-05-23 07:54:15 +0200
Processing by PagesController#home as HTML
  Rendered pages/home.html.erb within layouts/application (32.0ms)
Compiled tuktuk.css  (1ms)  (pid 3920)
Compiled tuktuk.icons.css  (2ms)  (pid 3920)
Compiled tuktuk.theme.css  (1ms)  (pid 3920)
Compiled application.css  (284ms)  (pid 3920)
Compiled tuktuk.js  (0ms)  (pid 3920)
Compiled application.js  (113ms)  (pid 3920)
Completed 200 OK in 1079ms (Views: 1076.9ms | ActiveRecord: 0.0ms)


Started GET "/assets/tuktuk.theme.css?body=1" for 127.0.0.1 at 2013-05-23 07:54:17 +0200
Served asset /tuktuk.theme.css - 200 OK (9ms)


Started GET "/assets/application.css?body=1" for 127.0.0.1 at 2013-05-23 07:54:17 +0200
Served asset /application.css - 304 Not Modified (55ms)


Started GET "/assets/tuktuk.css?body=1" for 127.0.0.1 at 2013-05-23 07:54:17 +0200
Served asset /tuktuk.css - 200 OK (4ms)


Started GET "/assets/tuktuk.icons.css?body=1" for 127.0.0.1 at 2013-05-23 07:54:17 +0200
Served asset /tuktuk.icons.css - 200 OK (5ms)


Started GET "/assets/jquery.js?body=1" for 127.0.0.1 at 2013-05-23 07:54:17 +0200
Served asset /jquery.js - 304 Not Modified (14ms)


Started GET "/assets/tuktuk.js?body=1" for 127.0.0.1 at 2013-05-23 07:54:17 +0200
Served asset /tuktuk.js - 200 OK (14ms)


Started GET "/assets/jquery_ujs.js?body=1" for 127.0.0.1 at 2013-05-23 07:54:17 +0200
Served asset /jquery_ujs.js - 304 Not Modified (7ms)


Started GET "/assets/application.js?body=1" for 127.0.0.1 at 2013-05-23 07:54:17 +0200
Served asset /application.js - 304 Not Modified (19ms)


Started GET "/images/logo-color.png" for 127.0.0.1 at 2013-05-23 07:54:18 +0200

ActionController::RoutingError (No route matches [GET] "/images/logo-color.png"):
  actionpack (3.2.13) lib/action_dispatch/middleware/debug_exceptions.rb:21:in `call'
  actionpack (3.2.13) lib/action_dispatch/middleware/show_exceptions.rb:56:in `call'
  railties (3.2.13) lib/rails/rack/logger.rb:32:in `call_app'
  railties (3.2.13) lib/rails/rack/logger.rb:16:in `block in call'
  activesupport (3.2.13) lib/active_support/tagged_logging.rb:22:in `tagged'
  railties (3.2.13) lib/rails/rack/logger.rb:16:in `call'
  actionpack (3.2.13) lib/action_dispatch/middleware/request_id.rb:22:in `call'
  rack (1.4.5) lib/rack/methodoverride.rb:21:in `call'
  rack (1.4.5) lib/rack/runtime.rb:17:in `call'
  activesupport (3.2.13) lib/active_support/cache/strategy/local_cache.rb:72:in `call'
  rack (1.4.5) lib/rack/lock.rb:15:in `call'
  actionpack (3.2.13) lib/action_dispatch/middleware/static.rb:63:in `call'
  railties (3.2.13) lib/rails/engine.rb:479:in `call'
  railties (3.2.13) lib/rails/application.rb:223:in `call'
  rack (1.4.5) lib/rack/content_length.rb:14:in `call'
  railties (3.2.13) lib/rails/rack/log_tailer.rb:17:in `call'
  rack (1.4.5) lib/rack/handler/webrick.rb:59:in `service'
  c:/Ruby193/lib/ruby/1.9.1/webrick/httpserver.rb:138:in `service'
  c:/Ruby193/lib/ruby/1.9.1/webrick/httpserver.rb:94:in `run'
  c:/Ruby193/lib/ruby/1.9.1/webrick/server.rb:191:in `block in start_thread'


  Rendered c:/Ruby193/lib/ruby/gems/1.9.1/gems/actionpack-3.2.13/lib/action_dispatch/middleware/templates/rescues/routing_error.erb within rescues/layout (1.0ms)
